{"E:\\go_ultra\\web\\src\\api\\client.ts": {"path":"E:\\go_ultra\\web\\src\\api\\client.ts","statementMap":{"0":{"start":{"line":8,"column":4},"end":{"line":8,"column":null}},"1":{"start":{"line":9,"column":4},"end":{"line":9,"column":null}},"2":{"start":{"line":10,"column":4},"end":{"line":10,"column":null}},"3":{"start":{"line":11,"column":4},"end":{"line":11,"column":null}},"4":{"start":{"line":17,"column":13},"end":{"line":17,"column":null}},"5":{"start":{"line":18,"column":19},"end":{"line":18,"column":null}},"6":{"start":{"line":19,"column":2},"end":{"line":29,"column":null}},"7":{"start":{"line":20,"column":17},"end":{"line":20,"column":null}},"8":{"start":{"line":21,"column":4},"end":{"line":27,"column":null}},"9":{"start":{"line":22,"column":6},"end":{"line":26,"column":null}},"10":{"start":{"line":28,"column":4},"end":{"line":28,"column":null}},"11":{"start":{"line":30,"column":2},"end":{"line":30,"column":null}},"12":{"start":{"line":33,"column":22},"end":{"line":37,"column":null}},"13":{"start":{"line":39,"column":0},"end":{"line":50,"column":null}},"14":{"start":{"line":40,"column":11},"end":{"line":40,"column":null}},"15":{"start":{"line":42,"column":21},"end":{"line":42,"column":null}},"16":{"start":{"line":43,"column":4},"end":{"line":47,"column":null}},"17":{"start":{"line":44,"column":6},"end":{"line":46,"column":null}},"18":{"start":{"line":45,"column":8},"end":{"line":45,"column":null}},"19":{"start":{"line":48,"column":4},"end":{"line":48,"column":null}}},"fnMap":{"0":{"name":"constructor","decl":{"start":{"line":7,"column":2},"end":{"line":7,"column":14}},"loc":{"start":{"line":7,"column":61},"end":{"line":12,"column":null}},"line":7},"1":{"name":"parseApiError","decl":{"start":{"line":16,"column":16},"end":{"line":16,"column":30}},"loc":{"start":{"line":16,"column":56},"end":{"line":31,"column":null}},"line":16},"2":{"name":"(anonymous_2)","decl":{"start":{"line":39,"column":29},"end":{"line":39,"column":null}},"loc":{"start":{"line":40,"column":11},"end":{"line":40,"column":null}},"line":40},"3":{"name":"(anonymous_3)","decl":{"start":{"line":40,"column":11},"end":{"line":40,"column":null}},"loc":{"start":{"line":41,"column":13},"end":{"line":49,"column":null}},"line":41}},"branchMap":{"0":{"loc":{"start":{"line":19,"column":2},"end":{"line":29,"column":null}},"type":"if","locations":[{"start":{"line":19,"column":2},"end":{"line":29,"column":null}},{"start":{},"end":{}}],"line":19},"1":{"loc":{"start":{"line":21,"column":4},"end":{"line":27,"column":null}},"type":"if","locations":[{"start":{"line":21,"column":4},"end":{"line":27,"column":null}},{"start":{},"end":{}}],"line":21},"2":{"loc":{"start":{"line":21,"column":8},"end":{"line":21,"column":47}},"type":"binary-expr","locations":[{"start":{"line":21,"column":8},"end":{"line":21,"column":16}},{"start":{"line":21,"column":16},"end":{"line":21,"column":30}},{"start":{"line":21,"column":30},"end":{"line":21,"column":47}}],"line":21},"3":{"loc":{"start":{"line":43,"column":4},"end":{"line":47,"column":null}},"type":"if","locations":[{"start":{"line":43,"column":4},"end":{"line":47,"column":null}},{"start":{},"end":{}}],"line":43},"4":{"loc":{"start":{"line":44,"column":6},"end":{"line":46,"column":null}},"type":"if","locations":[{"start":{"line":44,"column":6},"end":{"line":46,"column":null}},{"start":{},"end":{}}],"line":44}},"s":{"0":3,"1":3,"2":3,"3":3,"4":3,"5":3,"6":3,"7":2,"8":2,"9":1,"10":1,"11":1,"12":3,"13":3,"14":0,"15":0,"16":0,"17":0,"18":0,"19":0},"f":{"0":3,"1":3,"2":0,"3":0},"b":{"0":[2,1],"1":[1,1],"2":[2,2,1],"3":[0,0],"4":[0,0]},"meta":{"lastBranch":5,"lastFunction":4,"lastStatement":20,"seen":{"f:7:2:7:14":0,"s:8:4:8:Infinity":0,"s:9:4:9:Infinity":1,"s:10:4:10:Infinity":2,"s:11:4:11:Infinity":3,"f:16:16:16:30":1,"s:17:13:17:Infinity":4,"s:18:19:18:Infinity":5,"b:19:2:29:Infinity:undefined:undefined:undefined:undefined":0,"s:19:2:29:Infinity":6,"s:20:17:20:Infinity":7,"b:21:4:27:Infinity:undefined:undefined:undefined:undefined":1,"s:21:4:27:Infinity":8,"b:21:8:21:16:21:16:21:30:21:30:21:47":2,"s:22:6:26:Infinity":9,"s:28:4:28:Infinity":10,"s:30:2:30:Infinity":11,"s:33:22:37:Infinity":12,"s:39:0:50:Infinity":13,"f:39:29:39:Infinity":2,"s:40:11:40:Infinity":14,"f:40:11:40:Infinity":3,"s:42:21:42:Infinity":15,"b:43:4:47:Infinity:undefined:undefined:undefined:undefined":3,"s:43:4:47:Infinity":16,"b:44:6:46:Infinity:undefined:undefined:undefined:undefined":4,"s:44:6:46:Infinity":17,"s:45:8:45:Infinity":18,"s:48:4:48:Infinity":19},"fnNames":{}}}
,"E:\\go_ultra\\web\\src\\api\\matches.ts": {"path":"E:\\go_ultra\\web\\src\\api\\matches.ts","statementMap":{"0":{"start":{"line":13,"column":14},"end":{"line":13,"column":null}},"1":{"start":{"line":14,"column":2},"end":{"line":14,"column":null}},"2":{"start":{"line":21,"column":14},"end":{"line":21,"column":null}},"3":{"start":{"line":22,"column":2},"end":{"line":22,"column":null}},"4":{"start":{"line":28,"column":14},"end":{"line":30,"column":null}},"5":{"start":{"line":31,"column":2},"end":{"line":31,"column":null}},"6":{"start":{"line":38,"column":14},"end":{"line":40,"column":null}},"7":{"start":{"line":41,"column":2},"end":{"line":41,"column":null}}},"fnMap":{"0":{"name":"recordMatch","decl":{"start":{"line":10,"column":22},"end":{"line":10,"column":null}},"loc":{"start":{"line":12,"column":32},"end":{"line":15,"column":null}},"line":12},"1":{"name":"listGlobalMatches","decl":{"start":{"line":17,"column":22},"end":{"line":17,"column":40}},"loc":{"start":{"line":20,"column":25},"end":{"line":23,"column":null}},"line":20},"2":{"name":"getLeaderboard","decl":{"start":{"line":25,"column":22},"end":{"line":25,"column":null}},"loc":{"start":{"line":27,"column":29},"end":{"line":32,"column":null}},"line":27},"3":{"name":"getCompare","decl":{"start":{"line":34,"column":22},"end":{"line":34,"column":null}},"loc":{"start":{"line":37,"column":26},"end":{"line":42,"column":null}},"line":37}},"branchMap":{"0":{"loc":{"start":{"line":26,"column":2},"end":{"line":26,"column":null}},"type":"default-arg","locations":[{"start":{"line":26,"column":13},"end":{"line":26,"column":null}}],"line":26}},"s":{"0":0,"1":0,"2":0,"3":0,"4":0,"5":0,"6":0,"7":0},"f":{"0":0,"1":0,"2":0,"3":0},"b":{"0":[0]},"meta":{"lastBranch":1,"lastFunction":4,"lastStatement":8,"seen":{"f:10:22:10:Infinity":0,"s:13:14:13:Infinity":0,"s:14:2:14:Infinity":1,"f:17:22:17:40":1,"s:21:14:21:Infinity":2,"s:22:2:22:Infinity":3,"f:25:22:25:Infinity":2,"b:26:13:26:Infinity":0,"s:28:14:30:Infinity":4,"s:31:2:31:Infinity":5,"f:34:22:34:Infinity":3,"s:38:14:40:Infinity":6,"s:41:2:41:Infinity":7},"fnNames":{}}}
,"E:\\go_ultra\\web\\src\\api\\players.ts": {"path":"E:\\go_ultra\\web\\src\\api\\players.ts","statementMap":{"0":{"start":{"line":11,"column":14},"end":{"line":11,"column":null}},"1":{"start":{"line":12,"column":2},"end":{"line":12,"column":null}},"2":{"start":{"line":16,"column":2},"end":{"line":16,"column":null}},"3":{"start":{"line":20,"column":14},"end":{"line":20,"column":null}},"4":{"start":{"line":21,"column":2},"end":{"line":21,"column":null}},"5":{"start":{"line":25,"column":14},"end":{"line":25,"column":null}},"6":{"start":{"line":26,"column":2},"end":{"line":26,"column":null}},"7":{"start":{"line":30,"column":14},"end":{"line":32,"column":null}},"8":{"start":{"line":33,"column":2},"end":{"line":33,"column":null}},"9":{"start":{"line":40,"column":14},"end":{"line":43,"column":null}},"10":{"start":{"line":44,"column":2},"end":{"line":44,"column":null}},"11":{"start":{"line":51,"column":14},"end":{"line":54,"column":null}},"12":{"start":{"line":55,"column":2},"end":{"line":55,"column":null}}},"fnMap":{"0":{"name":"login","decl":{"start":{"line":10,"column":22},"end":{"line":10,"column":28}},"loc":{"start":{"line":10,"column":63},"end":{"line":13,"column":null}},"line":10},"1":{"name":"logout","decl":{"start":{"line":15,"column":22},"end":{"line":15,"column":46}},"loc":{"start":{"line":15,"column":46},"end":{"line":17,"column":null}},"line":15},"2":{"name":"getMe","decl":{"start":{"line":19,"column":22},"end":{"line":19,"column":47}},"loc":{"start":{"line":19,"column":47},"end":{"line":22,"column":null}},"line":19},"3":{"name":"listPlayers","decl":{"start":{"line":24,"column":22},"end":{"line":24,"column":63}},"loc":{"start":{"line":24,"column":63},"end":{"line":27,"column":null}},"line":24},"4":{"name":"getPlayer","decl":{"start":{"line":29,"column":22},"end":{"line":29,"column":32}},"loc":{"start":{"line":29,"column":73},"end":{"line":34,"column":null}},"line":29},"5":{"name":"getPlayerHistory","decl":{"start":{"line":36,"column":22},"end":{"line":36,"column":null}},"loc":{"start":{"line":39,"column":27},"end":{"line":45,"column":null}},"line":39},"6":{"name":"getPlayerMatches","decl":{"start":{"line":47,"column":22},"end":{"line":47,"column":null}},"loc":{"start":{"line":50,"column":24},"end":{"line":56,"column":null}},"line":50}},"branchMap":{},"s":{"0":0,"1":0,"2":0,"3":0,"4":0,"5":0,"6":0,"7":0,"8":0,"9":0,"10":0,"11":0,"12":0},"f":{"0":0,"1":0,"2":0,"3":0,"4":0,"5":0,"6":0},"b":{},"meta":{"lastBranch":0,"lastFunction":7,"lastStatement":13,"seen":{"f:10:22:10:28":0,"s:11:14:11:Infinity":0,"s:12:2:12:Infinity":1,"f:15:22:15:46":1,"s:16:2:16:Infinity":2,"f:19:22:19:47":2,"s:20:14:20:Infinity":3,"s:21:2:21:Infinity":4,"f:24:22:24:63":3,"s:25:14:25:Infinity":5,"s:26:2:26:Infinity":6,"f:29:22:29:32":4,"s:30:14:32:Infinity":7,"s:33:2:33:Infinity":8,"f:36:22:36:Infinity":5,"s:40:14:43:Infinity":9,"s:44:2:44:Infinity":10,"f:47:22:47:Infinity":6,"s:51:14:54:Infinity":11,"s:55:2:55:Infinity":12},"fnNames":{}}}
,"E:\\go_ultra\\web\\src\\components\\AuthGuard.tsx": {"path":"E:\\go_ultra\\web\\src\\components\\AuthGuard.tsx","statementMap":{"0":{"start":{"line":6,"column":27},"end":{"line":6,"column":null}},"1":{"start":{"line":8,"column":2},"end":{"line":14,"column":null}},"2":{"start":{"line":9,"column":4},"end":{"line":12,"column":null}},"3":{"start":{"line":15,"column":2},"end":{"line":17,"column":null}},"4":{"start":{"line":16,"column":4},"end":{"line":16,"column":null}},"5":{"start":{"line":18,"column":2},"end":{"line":18,"column":null}}},"fnMap":{"0":{"name":"AuthGuard","decl":{"start":{"line":5,"column":24},"end":{"line":5,"column":34}},"loc":{"start":{"line":5,"column":73},"end":{"line":19,"column":null}},"line":5}},"branchMap":{"0":{"loc":{"start":{"line":8,"column":2},"end":{"line":14,"column":null}},"type":"if","locations":[{"start":{"line":8,"column":2},"end":{"line":14,"column":null}},{"start":{},"end":{}}],"line":8},"1":{"loc":{"start":{"line":15,"column":2},"end":{"line":17,"column":null}},"type":"if","locations":[{"start":{"line":15,"column":2},"end":{"line":17,"column":null}},{"start":{},"end":{}}],"line":15}},"s":{"0":4,"1":4,"2":2,"3":2,"4":1,"5":1},"f":{"0":4},"b":{"0":[2,2],"1":[1,1]},"meta":{"lastBranch":2,"lastFunction":1,"lastStatement":6,"seen":{"f:5:24:5:34":0,"s:6:27:6:Infinity":0,"b:8:2:14:Infinity:undefined:undefined:undefined:undefined":0,"s:8:2:14:Infinity":1,"s:9:4:12:Infinity":2,"b:15:2:17:Infinity:undefined:undefined:undefined:undefined":1,"s:15:2:17:Infinity":3,"s:16:4:16:Infinity":4,"s:18:2:18:Infinity":5},"fnNames":{}}}
,"E:\\go_ultra\\web\\src\\components\\CompareChart.tsx": {"path":"E:\\go_ultra\\web\\src\\components\\CompareChart.tsx","statementMap":{"0":{"start":{"line":17,"column":24},"end":{"line":32,"column":null}},"1":{"start":{"line":17,"column":46},"end":{"line":32,"column":4}},"2":{"start":{"line":23,"column":13},"end":{"line":23,"column":null}},"3":{"start":{"line":34,"column":32},"end":{"line":63,"column":null}},"4":{"start":{"line":37,"column":30},"end":{"line":37,"column":40}},"5":{"start":{"line":65,"column":2},"end":{"line":72,"column":null}}},"fnMap":{"0":{"name":"CompareChart","decl":{"start":{"line":16,"column":24},"end":{"line":16,"column":37}},"loc":{"start":{"line":16,"column":82},"end":{"line":74,"column":null}},"line":16},"1":{"name":"(anonymous_1)","decl":{"start":{"line":17,"column":31},"end":{"line":17,"column":36}},"loc":{"start":{"line":17,"column":46},"end":{"line":32,"column":4}},"line":17},"2":{"name":"(anonymous_2)","decl":{"start":{"line":22,"column":19},"end":{"line":22,"column":null}},"loc":{"start":{"line":23,"column":13},"end":{"line":23,"column":null}},"line":23},"3":{"name":"(anonymous_3)","decl":{"start":{"line":37,"column":19},"end":{"line":37,"column":24}},"loc":{"start":{"line":37,"column":30},"end":{"line":37,"column":40}},"line":37}},"branchMap":{"0":{"loc":{"start":{"line":16,"column":47},"end":{"line":16,"column":82}},"type":"default-arg","locations":[{"start":{"line":16,"column":56},"end":{"line":16,"column":82}}],"line":16},"1":{"loc":{"start":{"line":27,"column":13},"end":{"line":27,"column":null}},"type":"binary-expr","locations":[{"start":{"line":27,"column":13},"end":{"line":27,"column":24}},{"start":{"line":27,"column":24},"end":{"line":27,"column":null}}],"line":27},"2":{"loc":{"start":{"line":30,"column":13},"end":{"line":30,"column":null}},"type":"binary-expr","locations":[{"start":{"line":30,"column":13},"end":{"line":30,"column":24}},{"start":{"line":30,"column":24},"end":{"line":30,"column":null}}],"line":30}},"s":{"0":1,"1":2,"2":2,"3":1,"4":2,"5":1},"f":{"0":1,"1":2,"2":2,"3":2},"b":{"0":[1],"1":[2,1],"2":[2,1]},"meta":{"lastBranch":3,"lastFunction":4,"lastStatement":6,"seen":{"f:16:24:16:37":0,"b:16:56:16:82":0,"s:17:24:32:Infinity":0,"f:17:31:17:36":1,"s:17:46:32:4":1,"f:22:19:22:Infinity":2,"s:23:13:23:Infinity":2,"b:27:13:27:24:27:24:27:Infinity":1,"b:30:13:30:24:30:24:30:Infinity":2,"s:34:32:63:Infinity":3,"f:37:19:37:24":3,"s:37:30:37:40":4,"s:65:2:72:Infinity":5},"fnNames":{}}}
,"E:\\go_ultra\\web\\src\\components\\PlayerCombobox.tsx": {"path":"E:\\go_ultra\\web\\src\\components\\PlayerCombobox.tsx","statementMap":{"0":{"start":{"line":34,"column":15},"end":{"line":34,"column":null}},"1":{"start":{"line":35,"column":27},"end":{"line":39,"column":null}},"2":{"start":{"line":41,"column":18},"end":{"line":41,"column":null}},"3":{"start":{"line":41,"column":40},"end":{"line":41,"column":69}},"4":{"start":{"line":43,"column":2},"end":{"line":85,"column":null}},"5":{"start":{"line":64,"column":16},"end":{"line":79,"column":null}},"6":{"start":{"line":68,"column":20},"end":{"line":68,"column":null}},"7":{"start":{"line":69,"column":20},"end":{"line":69,"column":null}}},"fnMap":{"0":{"name":"PlayerCombobox","decl":{"start":{"line":28,"column":24},"end":{"line":28,"column":39}},"loc":{"start":{"line":33,"column":24},"end":{"line":87,"column":null}},"line":33},"1":{"name":"(anonymous_1)","decl":{"start":{"line":41,"column":26},"end":{"line":41,"column":34}},"loc":{"start":{"line":41,"column":40},"end":{"line":41,"column":69}},"line":41},"2":{"name":"(anonymous_2)","decl":{"start":{"line":63,"column":23},"end":{"line":63,"column":28}},"loc":{"start":{"line":64,"column":16},"end":{"line":79,"column":null}},"line":64},"3":{"name":"(anonymous_3)","decl":{"start":{"line":67,"column":18},"end":{"line":67,"column":29}},"loc":{"start":{"line":67,"column":42},"end":{"line":70,"column":null}},"line":67}},"branchMap":{"0":{"loc":{"start":{"line":31,"column":2},"end":{"line":31,"column":null}},"type":"default-arg","locations":[{"start":{"line":31,"column":12},"end":{"line":31,"column":null}}],"line":31},"1":{"loc":{"start":{"line":32,"column":2},"end":{"line":32,"column":null}},"type":"default-arg","locations":[{"start":{"line":32,"column":16},"end":{"line":32,"column":null}}],"line":32},"2":{"loc":{"start":{"line":35,"column":16},"end":{"line":35,"column":33}},"type":"default-arg","locations":[{"start":{"line":35,"column":26},"end":{"line":35,"column":33}}],"line":35},"3":{"loc":{"start":{"line":53,"column":11},"end":{"line":53,"column":null}},"type":"binary-expr","locations":[{"start":{"line":53,"column":11},"end":{"line":53,"column":20}},{"start":{"line":53,"column":20},"end":{"line":53,"column":null}}],"line":53},"4":{"loc":{"start":{"line":75,"column":22},"end":{"line":75,"column":null}},"type":"cond-expr","locations":[{"start":{"line":75,"column":45},"end":{"line":75,"column":61}},{"start":{"line":75,"column":61},"end":{"line":75,"column":null}}],"line":75}},"s":{"0":5,"1":5,"2":5,"3":10,"4":5,"5":5,"6":1,"7":1},"f":{"0":5,"1":10,"2":5,"3":1},"b":{"0":[5],"1":[5],"2":[5],"3":[5,3],"4":[2,3]},"meta":{"lastBranch":5,"lastFunction":4,"lastStatement":8,"seen":{"f:28:24:28:39":0,"b:31:12:31:Infinity":0,"b:32:16:32:Infinity":1,"s:34:15:34:Infinity":0,"s:35:27:39:Infinity":1,"b:35:26:35:33":2,"s:41:18:41:Infinity":2,"f:41:26:41:34":1,"s:41:40:41:69":3,"s:43:2:85:Infinity":4,"b:53:11:53:20:53:20:53:Infinity":3,"f:63:23:63:28":2,"s:64:16:79:Infinity":5,"f:67:18:67:29":3,"s:68:20:68:Infinity":6,"s:69:20:69:Infinity":7,"b:75:45:75:61:75:61:75:Infinity":4},"fnNames":{}}}
,"E:\\go_ultra\\web\\src\\components\\RankBadge.tsx": {"path":"E:\\go_ultra\\web\\src\\components\\RankBadge.tsx","statementMap":{"0":{"start":{"line":10,"column":8},"end":{"line":10,"column":null}},"1":{"start":{"line":11,"column":8},"end":{"line":11,"column":null}},"2":{"start":{"line":12,"column":8},"end":{"line":12,"column":null}},"3":{"start":{"line":13,"column":2},"end":{"line":24,"column":null}}},"fnMap":{"0":{"name":"RankBadge","decl":{"start":{"line":9,"column":24},"end":{"line":9,"column":34}},"loc":{"start":{"line":9,"column":73},"end":{"line":26,"column":null}},"line":9}},"branchMap":{},"s":{"0":3,"1":3,"2":3,"3":3},"f":{"0":3},"b":{},"meta":{"lastBranch":0,"lastFunction":1,"lastStatement":4,"seen":{"f:9:24:9:34":0,"s:10:8:10:Infinity":0,"s:11:8:11:Infinity":1,"s:12:8:12:Infinity":2,"s:13:2:24:Infinity":3},"fnNames":{}}}
,"E:\\go_ultra\\web\\src\\components\\RatingChart.tsx": {"path":"E:\\go_ultra\\web\\src\\components\\RatingChart.tsx","statementMap":{"0":{"start":{"line":18,"column":15},"end":{"line":18,"column":null}},"1":{"start":{"line":18,"column":33},"end":{"line":18,"column":76}},"2":{"start":{"line":20,"column":32},"end":{"line":65,"column":null}},"3":{"start":{"line":61,"column":43},"end":{"line":61,"column":77}},"4":{"start":{"line":67,"column":2},"end":{"line":74,"column":null}}},"fnMap":{"0":{"name":"RatingChart","decl":{"start":{"line":17,"column":24},"end":{"line":17,"column":36}},"loc":{"start":{"line":17,"column":80},"end":{"line":76,"column":null}},"line":17},"1":{"name":"(anonymous_1)","decl":{"start":{"line":18,"column":22},"end":{"line":18,"column":27}},"loc":{"start":{"line":18,"column":33},"end":{"line":18,"column":76}},"line":18},"2":{"name":"(anonymous_2)","decl":{"start":{"line":61,"column":31},"end":{"line":61,"column":36}},"loc":{"start":{"line":61,"column":43},"end":{"line":61,"column":77}},"line":61}},"branchMap":{"0":{"loc":{"start":{"line":17,"column":46},"end":{"line":17,"column":80}},"type":"default-arg","locations":[{"start":{"line":17,"column":55},"end":{"line":17,"column":80}}],"line":17}},"s":{"0":1,"1":2,"2":1,"3":9,"4":1},"f":{"0":1,"1":2,"2":9},"b":{"0":[1]},"meta":{"lastBranch":1,"lastFunction":3,"lastStatement":5,"seen":{"f:17:24:17:36":0,"b:17:55:17:80":0,"s:18:15:18:Infinity":0,"f:18:22:18:27":1,"s:18:33:18:76":1,"s:20:32:65:Infinity":2,"f:61:31:61:36":2,"s:61:43:61:77":3,"s:67:2:74:Infinity":4},"fnNames":{}}}
,"E:\\go_ultra\\web\\src\\components\\SubmitMatchDialog.tsx": {"path":"E:\\go_ultra\\web\\src\\components\\SubmitMatchDialog.tsx","statementMap":{"0":{"start":{"line":31,"column":15},"end":{"line":34,"column":null}},"1":{"start":{"line":42,"column":15},"end":{"line":42,"column":null}},"2":{"start":{"line":43,"column":8},"end":{"line":43,"column":null}},"3":{"start":{"line":45,"column":16},"end":{"line":45,"column":null}},"4":{"start":{"line":46,"column":27},"end":{"line":50,"column":null}},"5":{"start":{"line":58,"column":17},"end":{"line":62,"column":null}},"6":{"start":{"line":64,"column":27},"end":{"line":64,"column":null}},"7":{"start":{"line":65,"column":17},"end":{"line":65,"column":null}},"8":{"start":{"line":66,"column":19},"end":{"line":66,"column":null}},"9":{"start":{"line":66,"column":39},"end":{"line":66,"column":70}},"10":{"start":{"line":69,"column":4},"end":{"line":71,"column":null}},"11":{"start":{"line":73,"column":8},"end":{"line":101,"column":null}},"12":{"start":{"line":74,"column":17},"end":{"line":78,"column":null}},"13":{"start":{"line":80,"column":6},"end":{"line":84,"column":null}},"14":{"start":{"line":85,"column":6},"end":{"line":85,"column":null}},"15":{"start":{"line":86,"column":6},"end":{"line":86,"column":null}},"16":{"start":{"line":87,"column":6},"end":{"line":87,"column":null}},"17":{"start":{"line":88,"column":6},"end":{"line":88,"column":null}},"18":{"start":{"line":89,"column":6},"end":{"line":89,"column":null}},"19":{"start":{"line":92,"column":19},"end":{"line":92,"column":null}},"20":{"start":{"line":94,"column":8},"end":{"line":98,"column":null}},"21":{"start":{"line":99,"column":6},"end":{"line":99,"column":null}},"22":{"start":{"line":103,"column":2},"end":{"line":199,"column":null}},"23":{"start":{"line":113,"column":40},"end":{"line":113,"column":58}},"24":{"start":{"line":121,"column":16},"end":{"line":121,"column":null}},"25":{"start":{"line":137,"column":16},"end":{"line":137,"column":null}}},"fnMap":{"0":{"name":"SubmitMatchDialog","decl":{"start":{"line":41,"column":24},"end":{"line":41,"column":42}},"loc":{"start":{"line":41,"column":79},"end":{"line":201,"column":null}},"line":41},"1":{"name":"(anonymous_1)","decl":{"start":{"line":66,"column":27},"end":{"line":66,"column":33}},"loc":{"start":{"line":66,"column":39},"end":{"line":66,"column":70}},"line":66},"2":{"name":"(anonymous_2)","decl":{"start":{"line":74,"column":4},"end":{"line":74,"column":17}},"loc":{"start":{"line":74,"column":17},"end":{"line":78,"column":null}},"line":74},"3":{"name":"(anonymous_3)","decl":{"start":{"line":79,"column":4},"end":{"line":79,"column":16}},"loc":{"start":{"line":79,"column":24},"end":{"line":90,"column":null}},"line":79},"4":{"name":"(anonymous_4)","decl":{"start":{"line":91,"column":4},"end":{"line":91,"column":14}},"loc":{"start":{"line":91,"column":22},"end":{"line":100,"column":null}},"line":91},"5":{"name":"(anonymous_5)","decl":{"start":{"line":113,"column":20},"end":{"line":113,"column":34}},"loc":{"start":{"line":113,"column":40},"end":{"line":113,"column":58}},"line":113},"6":{"name":"(anonymous_6)","decl":{"start":{"line":120,"column":14},"end":{"line":120,"column":25}},"loc":{"start":{"line":121,"column":16},"end":{"line":121,"column":null}},"line":121},"7":{"name":"(anonymous_7)","decl":{"start":{"line":136,"column":14},"end":{"line":136,"column":30}},"loc":{"start":{"line":137,"column":16},"end":{"line":137,"column":null}},"line":137}},"branchMap":{"0":{"loc":{"start":{"line":46,"column":16},"end":{"line":46,"column":33}},"type":"default-arg","locations":[{"start":{"line":46,"column":26},"end":{"line":46,"column":33}}],"line":46},"1":{"loc":{"start":{"line":69,"column":4},"end":{"line":71,"column":null}},"type":"cond-expr","locations":[{"start":{"line":69,"column":10},"end":{"line":70,"column":null}},{"start":{"line":71,"column":8},"end":{"line":71,"column":null}}],"line":69},"2":{"loc":{"start":{"line":69,"column":4},"end":{"line":69,"column":null}},"type":"binary-expr","locations":[{"start":{"line":69,"column":4},"end":{"line":69,"column":10}},{"start":{"line":69,"column":10},"end":{"line":69,"column":null}}],"line":69},"3":{"loc":{"start":{"line":81,"column":17},"end":{"line":81,"column":null}},"type":"cond-expr","locations":[{"start":{"line":81,"column":41},"end":{"line":81,"column":47}},{"start":{"line":81,"column":47},"end":{"line":81,"column":null}}],"line":81},"4":{"loc":{"start":{"line":92,"column":19},"end":{"line":92,"column":null}},"type":"cond-expr","locations":[{"start":{"line":92,"column":45},"end":{"line":92,"column":56}},{"start":{"line":92,"column":56},"end":{"line":92,"column":null}}],"line":92},"5":{"loc":{"start":{"line":94,"column":8},"end":{"line":98,"column":null}},"type":"cond-expr","locations":[{"start":{"line":95,"column":12},"end":{"line":95,"column":null}},{"start":{"line":96,"column":12},"end":{"line":98,"column":null}}],"line":94},"6":{"loc":{"start":{"line":96,"column":12},"end":{"line":98,"column":null}},"type":"cond-expr","locations":[{"start":{"line":97,"column":14},"end":{"line":97,"column":null}},{"start":{"line":98,"column":14},"end":{"line":98,"column":null}}],"line":96},"7":{"loc":{"start":{"line":106,"column":9},"end":{"line":106,"column":null}},"type":"binary-expr","locations":[{"start":{"line":106,"column":9},"end":{"line":106,"column":20}},{"start":{"line":106,"column":20},"end":{"line":106,"column":null}}],"line":106},"8":{"loc":{"start":{"line":123,"column":23},"end":{"line":123,"column":null}},"type":"cond-expr","locations":[{"start":{"line":123,"column":28},"end":{"line":123,"column":44}},{"start":{"line":123,"column":44},"end":{"line":123,"column":null}}],"line":123},"9":{"loc":{"start":{"line":125,"column":13},"end":{"line":128,"column":null}},"type":"binary-expr","locations":[{"start":{"line":125,"column":13},"end":{"line":125,"column":null}},{"start":{"line":126,"column":14},"end":{"line":128,"column":null}}],"line":125},"10":{"loc":{"start":{"line":150,"column":11},"end":{"line":183,"column":null}},"type":"binary-expr","locations":[{"start":{"line":150,"column":11},"end":{"line":150,"column":null}},{"start":{"line":151,"column":12},"end":{"line":183,"column":null}}],"line":150},"11":{"loc":{"start":{"line":159,"column":20},"end":{"line":161,"column":null}},"type":"cond-expr","locations":[{"start":{"line":160,"column":24},"end":{"line":160,"column":null}},{"start":{"line":161,"column":24},"end":{"line":161,"column":null}}],"line":159},"12":{"loc":{"start":{"line":165,"column":19},"end":{"line":165,"column":null}},"type":"cond-expr","locations":[{"start":{"line":165,"column":45},"end":{"line":165,"column":51}},{"start":{"line":165,"column":51},"end":{"line":165,"column":null}}],"line":165},"13":{"loc":{"start":{"line":173,"column":20},"end":{"line":175,"column":null}},"type":"cond-expr","locations":[{"start":{"line":174,"column":24},"end":{"line":174,"column":null}},{"start":{"line":175,"column":24},"end":{"line":175,"column":null}}],"line":173},"14":{"loc":{"start":{"line":179,"column":19},"end":{"line":179,"column":null}},"type":"cond-expr","locations":[{"start":{"line":179,"column":49},"end":{"line":179,"column":55}},{"start":{"line":179,"column":55},"end":{"line":179,"column":null}}],"line":179},"15":{"loc":{"start":{"line":191,"column":24},"end":{"line":191,"column":null}},"type":"binary-expr","locations":[{"start":{"line":191,"column":24},"end":{"line":191,"column":46}},{"start":{"line":191,"column":46},"end":{"line":191,"column":null}}],"line":191},"16":{"loc":{"start":{"line":194,"column":15},"end":{"line":194,"column":null}},"type":"cond-expr","locations":[{"start":{"line":194,"column":36},"end":{"line":194,"column":45}},{"start":{"line":194,"column":45},"end":{"line":194,"column":null}}],"line":194}},"s":{"0":1,"1":7,"2":7,"3":7,"4":7,"5":7,"6":7,"7":7,"8":7,"9":10,"10":7,"11":7,"12":1,"13":1,"14":1,"15":1,"16":1,"17":1,"18":1,"19":0,"20":0,"21":0,"22":7,"23":1,"24":1,"25":0},"f":{"0":7,"1":10,"2":1,"3":1,"4":0,"5":1,"6":1,"7":0},"b":{"0":[7],"1":[2,5],"2":[7,5],"3":[1,0],"4":[0,0],"5":[0,0],"6":[0,0],"7":[7,7],"8":[5,2],"9":[7,0],"10":[7,2],"11":[2,0],"12":[2,0],"13":[0,2],"14":[0,2],"15":[7,7],"16":[0,7]},"meta":{"lastBranch":17,"lastFunction":8,"lastStatement":26,"seen":{"s:31:15:34:Infinity":0,"f:41:24:41:42":0,"s:42:15:42:Infinity":1,"s:43:8:43:Infinity":2,"s:45:16:45:Infinity":3,"s:46:27:50:Infinity":4,"b:46:26:46:33":0,"s:58:17:62:Infinity":5,"s:64:27:64:Infinity":6,"s:65:17:65:Infinity":7,"s:66:19:66:Infinity":8,"f:66:27:66:33":1,"s:66:39:66:70":9,"s:69:4:71:Infinity":10,"b:69:10:70:Infinity:71:8:71:Infinity":1,"b:69:4:69:10:69:10:69:Infinity":2,"s:73:8:101:Infinity":11,"f:74:4:74:17":2,"s:74:17:78:Infinity":12,"f:79:4:79:16":3,"s:80:6:84:Infinity":13,"b:81:41:81:47:81:47:81:Infinity":3,"s:85:6:85:Infinity":14,"s:86:6:86:Infinity":15,"s:87:6:87:Infinity":16,"s:88:6:88:Infinity":17,"s:89:6:89:Infinity":18,"f:91:4:91:14":4,"s:92:19:92:Infinity":19,"b:92:45:92:56:92:56:92:Infinity":4,"s:94:8:98:Infinity":20,"b:95:12:95:Infinity:96:12:98:Infinity":5,"b:97:14:97:Infinity:98:14:98:Infinity":6,"s:99:6:99:Infinity":21,"s:103:2:199:Infinity":22,"b:106:9:106:20:106:20:106:Infinity":7,"f:113:20:113:34":5,"s:113:40:113:58":23,"f:120:14:120:25":6,"s:121:16:121:Infinity":24,"b:123:28:123:44:123:44:123:Infinity":8,"b:125:13:125:Infinity:126:14:128:Infinity":9,"f:136:14:136:30":7,"s:137:16:137:Infinity":25,"b:150:11:150:Infinity:151:12:183:Infinity":10,"b:160:24:160:Infinity:161:24:161:Infinity":11,"b:165:45:165:51:165:51:165:Infinity":12,"b:174:24:174:Infinity:175:24:175:Infinity":13,"b:179:49:179:55:179:55:179:Infinity":14,"b:191:24:191:46:191:46:191:Infinity":15,"b:194:36:194:45:194:45:194:Infinity":16},"fnNames":{}}}
,"E:\\go_ultra\\web\\src\\components\\ui\\button.tsx": {"path":"E:\\go_ultra\\web\\src\\components\\ui\\button.tsx","statementMap":{"0":{"start":{"line":7,"column":6},"end":{"line":35,"column":null}},"1":{"start":{"line":43,"column":15},"end":{"line":54,"column":null}},"2":{"start":{"line":45,"column":17},"end":{"line":45,"column":null}},"3":{"start":{"line":46,"column":4},"end":{"line":51,"column":null}},"4":{"start":{"line":55,"column":0},"end":{"line":55,"column":null}}},"fnMap":{"0":{"name":"(anonymous_0)","decl":{"start":{"line":43,"column":21},"end":{"line":43,"column":null}},"loc":{"start":{"line":44,"column":68},"end":{"line":53,"column":null}},"line":44}},"branchMap":{"0":{"loc":{"start":{"line":44,"column":31},"end":{"line":44,"column":48}},"type":"default-arg","locations":[{"start":{"line":44,"column":41},"end":{"line":44,"column":48}}],"line":44},"1":{"loc":{"start":{"line":45,"column":17},"end":{"line":45,"column":null}},"type":"cond-expr","locations":[{"start":{"line":45,"column":27},"end":{"line":45,"column":34}},{"start":{"line":45,"column":34},"end":{"line":45,"column":null}}],"line":45}},"s":{"0":1,"1":1,"2":19,"3":19,"4":1},"f":{"0":19},"b":{"0":[19],"1":[0,19]},"meta":{"lastBranch":2,"lastFunction":1,"lastStatement":5,"seen":{"s:7:6:35:Infinity":0,"s:43:15:54:Infinity":1,"f:43:21:43:Infinity":0,"b:44:41:44:48":0,"s:45:17:45:Infinity":2,"b:45:27:45:34:45:34:45:Infinity":1,"s:46:4:51:Infinity":3,"s:55:0:55:Infinity":4},"fnNames":{}}}
,"E:\\go_ultra\\web\\src\\components\\ui\\command.tsx": {"path":"E:\\go_ultra\\web\\src\\components\\ui\\command.tsx","statementMap":{"0":{"start":{"line":1,"column":0},"end":{"line":1,"column":null}},"1":{"start":{"line":11,"column":16},"end":{"line":23,"column":null}},"2":{"start":{"line":15,"column":2},"end":{"line":23,"column":null}},"3":{"start":{"line":24,"column":0},"end":{"line":24,"column":null}},"4":{"start":{"line":26,"column":6},"end":{"line":36,"column":null}},"5":{"start":{"line":27,"column":2},"end":{"line":34,"column":null}},"6":{"start":{"line":38,"column":21},"end":{"line":53,"column":null}},"7":{"start":{"line":42,"column":2},"end":{"line":53,"column":null}},"8":{"start":{"line":55,"column":0},"end":{"line":55,"column":null}},"9":{"start":{"line":57,"column":20},"end":{"line":66,"column":null}},"10":{"start":{"line":61,"column":2},"end":{"line":66,"column":null}},"11":{"start":{"line":68,"column":0},"end":{"line":68,"column":null}},"12":{"start":{"line":70,"column":21},"end":{"line":79,"column":null}},"13":{"start":{"line":74,"column":2},"end":{"line":79,"column":null}},"14":{"start":{"line":81,"column":0},"end":{"line":81,"column":null}},"15":{"start":{"line":83,"column":21},"end":{"line":95,"column":null}},"16":{"start":{"line":87,"column":2},"end":{"line":95,"column":null}},"17":{"start":{"line":97,"column":0},"end":{"line":97,"column":null}},"18":{"start":{"line":99,"column":25},"end":{"line":108,"column":null}},"19":{"start":{"line":103,"column":2},"end":{"line":108,"column":null}},"20":{"start":{"line":109,"column":0},"end":{"line":109,"column":null}},"21":{"start":{"line":111,"column":20},"end":{"line":123,"column":null}},"22":{"start":{"line":115,"column":2},"end":{"line":123,"column":null}},"23":{"start":{"line":125,"column":0},"end":{"line":125,"column":null}},"24":{"start":{"line":127,"column":6},"end":{"line":140,"column":null}},"25":{"start":{"line":131,"column":2},"end":{"line":138,"column":null}},"26":{"start":{"line":141,"column":0},"end":{"line":141,"column":null}}},"fnMap":{"0":{"name":"(anonymous_0)","decl":{"start":{"line":11,"column":22},"end":{"line":11,"column":null}},"loc":{"start":{"line":15,"column":2},"end":{"line":23,"column":null}},"line":15},"1":{"name":"(anonymous_1)","decl":{"start":{"line":26,"column":6},"end":{"line":26,"column":23}},"loc":{"start":{"line":26,"column":63},"end":{"line":36,"column":null}},"line":26},"2":{"name":"(anonymous_2)","decl":{"start":{"line":38,"column":27},"end":{"line":38,"column":null}},"loc":{"start":{"line":42,"column":2},"end":{"line":53,"column":null}},"line":42},"3":{"name":"(anonymous_3)","decl":{"start":{"line":57,"column":26},"end":{"line":57,"column":null}},"loc":{"start":{"line":61,"column":2},"end":{"line":66,"column":null}},"line":61},"4":{"name":"(anonymous_4)","decl":{"start":{"line":70,"column":27},"end":{"line":70,"column":null}},"loc":{"start":{"line":74,"column":2},"end":{"line":79,"column":null}},"line":74},"5":{"name":"(anonymous_5)","decl":{"start":{"line":83,"column":27},"end":{"line":83,"column":null}},"loc":{"start":{"line":87,"column":2},"end":{"line":95,"column":null}},"line":87},"6":{"name":"(anonymous_6)","decl":{"start":{"line":99,"column":31},"end":{"line":99,"column":null}},"loc":{"start":{"line":103,"column":2},"end":{"line":108,"column":null}},"line":103},"7":{"name":"(anonymous_7)","decl":{"start":{"line":111,"column":26},"end":{"line":111,"column":null}},"loc":{"start":{"line":115,"column":2},"end":{"line":123,"column":null}},"line":115},"8":{"name":"(anonymous_8)","decl":{"start":{"line":127,"column":6},"end":{"line":127,"column":25}},"loc":{"start":{"line":130,"column":45},"end":{"line":140,"column":null}},"line":130}},"branchMap":{},"s":{"0":1,"1":1,"2":2,"3":1,"4":1,"5":0,"6":1,"7":2,"8":1,"9":1,"10":2,"11":1,"12":1,"13":2,"14":1,"15":1,"16":2,"17":1,"18":1,"19":0,"20":1,"21":1,"22":2,"23":1,"24":1,"25":0,"26":1},"f":{"0":2,"1":0,"2":2,"3":2,"4":2,"5":2,"6":0,"7":2,"8":0},"b":{},"meta":{"lastBranch":0,"lastFunction":9,"lastStatement":27,"seen":{"s:1:0:1:Infinity":0,"s:11:16:23:Infinity":1,"f:11:22:11:Infinity":0,"s:15:2:23:Infinity":2,"s:24:0:24:Infinity":3,"s:26:6:36:Infinity":4,"f:26:6:26:23":1,"s:27:2:34:Infinity":5,"s:38:21:53:Infinity":6,"f:38:27:38:Infinity":2,"s:42:2:53:Infinity":7,"s:55:0:55:Infinity":8,"s:57:20:66:Infinity":9,"f:57:26:57:Infinity":3,"s:61:2:66:Infinity":10,"s:68:0:68:Infinity":11,"s:70:21:79:Infinity":12,"f:70:27:70:Infinity":4,"s:74:2:79:Infinity":13,"s:81:0:81:Infinity":14,"s:83:21:95:Infinity":15,"f:83:27:83:Infinity":5,"s:87:2:95:Infinity":16,"s:97:0:97:Infinity":17,"s:99:25:108:Infinity":18,"f:99:31:99:Infinity":6,"s:103:2:108:Infinity":19,"s:109:0:109:Infinity":20,"s:111:20:123:Infinity":21,"f:111:26:111:Infinity":7,"s:115:2:123:Infinity":22,"s:125:0:125:Infinity":23,"s:127:6:140:Infinity":24,"f:127:6:127:25":8,"s:131:2:138:Infinity":25,"s:141:0:141:Infinity":26},"fnNames":{}}}
,"E:\\go_ultra\\web\\src\\components\\ui\\dialog.tsx": {"path":"E:\\go_ultra\\web\\src\\components\\ui\\dialog.tsx","statementMap":{"0":{"start":{"line":7,"column":15},"end":{"line":7,"column":null}},"1":{"start":{"line":9,"column":22},"end":{"line":9,"column":null}},"2":{"start":{"line":11,"column":21},"end":{"line":11,"column":null}},"3":{"start":{"line":13,"column":20},"end":{"line":13,"column":null}},"4":{"start":{"line":15,"column":22},"end":{"line":27,"column":null}},"5":{"start":{"line":19,"column":2},"end":{"line":27,"column":null}},"6":{"start":{"line":28,"column":0},"end":{"line":28,"column":null}},"7":{"start":{"line":30,"column":22},"end":{"line":51,"column":null}},"8":{"start":{"line":34,"column":2},"end":{"line":51,"column":null}},"9":{"start":{"line":52,"column":0},"end":{"line":52,"column":null}},"10":{"start":{"line":54,"column":6},"end":{"line":64,"column":null}},"11":{"start":{"line":58,"column":2},"end":{"line":64,"column":null}},"12":{"start":{"line":66,"column":0},"end":{"line":66,"column":null}},"13":{"start":{"line":68,"column":6},"end":{"line":78,"column":null}},"14":{"start":{"line":72,"column":2},"end":{"line":78,"column":null}},"15":{"start":{"line":80,"column":0},"end":{"line":80,"column":null}},"16":{"start":{"line":82,"column":20},"end":{"line":94,"column":null}},"17":{"start":{"line":86,"column":2},"end":{"line":94,"column":null}},"18":{"start":{"line":95,"column":0},"end":{"line":95,"column":null}},"19":{"start":{"line":97,"column":26},"end":{"line":106,"column":null}},"20":{"start":{"line":101,"column":2},"end":{"line":106,"column":null}},"21":{"start":{"line":107,"column":0},"end":{"line":107,"column":null}}},"fnMap":{"0":{"name":"(anonymous_0)","decl":{"start":{"line":15,"column":28},"end":{"line":15,"column":null}},"loc":{"start":{"line":19,"column":2},"end":{"line":27,"column":null}},"line":19},"1":{"name":"(anonymous_1)","decl":{"start":{"line":30,"column":28},"end":{"line":30,"column":null}},"loc":{"start":{"line":34,"column":2},"end":{"line":51,"column":null}},"line":34},"2":{"name":"(anonymous_2)","decl":{"start":{"line":54,"column":6},"end":{"line":54,"column":22}},"loc":{"start":{"line":58,"column":2},"end":{"line":64,"column":null}},"line":58},"3":{"name":"(anonymous_3)","decl":{"start":{"line":68,"column":6},"end":{"line":68,"column":22}},"loc":{"start":{"line":72,"column":2},"end":{"line":78,"column":null}},"line":72},"4":{"name":"(anonymous_4)","decl":{"start":{"line":82,"column":26},"end":{"line":82,"column":null}},"loc":{"start":{"line":86,"column":2},"end":{"line":94,"column":null}},"line":86},"5":{"name":"(anonymous_5)","decl":{"start":{"line":97,"column":32},"end":{"line":97,"column":null}},"loc":{"start":{"line":101,"column":2},"end":{"line":106,"column":null}},"line":101}},"branchMap":{},"s":{"0":1,"1":1,"2":1,"3":1,"4":1,"5":5,"6":1,"7":1,"8":7,"9":1,"10":1,"11":4,"12":1,"13":1,"14":4,"15":1,"16":1,"17":4,"18":1,"19":1,"20":0,"21":1},"f":{"0":5,"1":7,"2":4,"3":4,"4":4,"5":0},"b":{},"meta":{"lastBranch":0,"lastFunction":6,"lastStatement":22,"seen":{"s:7:15:7:Infinity":0,"s:9:22:9:Infinity":1,"s:11:21:11:Infinity":2,"s:13:20:13:Infinity":3,"s:15:22:27:Infinity":4,"f:15:28:15:Infinity":0,"s:19:2:27:Infinity":5,"s:28:0:28:Infinity":6,"s:30:22:51:Infinity":7,"f:30:28:30:Infinity":1,"s:34:2:51:Infinity":8,"s:52:0:52:Infinity":9,"s:54:6:64:Infinity":10,"f:54:6:54:22":2,"s:58:2:64:Infinity":11,"s:66:0:66:Infinity":12,"s:68:6:78:Infinity":13,"f:68:6:68:22":3,"s:72:2:78:Infinity":14,"s:80:0:80:Infinity":15,"s:82:20:94:Infinity":16,"f:82:26:82:Infinity":4,"s:86:2:94:Infinity":17,"s:95:0:95:Infinity":18,"s:97:26:106:Infinity":19,"f:97:32:97:Infinity":5,"s:101:2:106:Infinity":20,"s:107:0:107:Infinity":21},"fnNames":{}}}
,"E:\\go_ultra\\web\\src\\components\\ui\\label.tsx": {"path":"E:\\go_ultra\\web\\src\\components\\ui\\label.tsx","statementMap":{"0":{"start":{"line":1,"column":0},"end":{"line":1,"column":null}},"1":{"start":{"line":9,"column":6},"end":{"line":11,"column":null}},"2":{"start":{"line":13,"column":14},"end":{"line":23,"column":null}},"3":{"start":{"line":18,"column":2},"end":{"line":23,"column":null}},"4":{"start":{"line":24,"column":0},"end":{"line":24,"column":null}}},"fnMap":{"0":{"name":"(anonymous_0)","decl":{"start":{"line":13,"column":20},"end":{"line":13,"column":null}},"loc":{"start":{"line":18,"column":2},"end":{"line":23,"column":null}},"line":18}},"branchMap":{},"s":{"0":1,"1":1,"2":1,"3":8,"4":1},"f":{"0":8},"b":{},"meta":{"lastBranch":0,"lastFunction":1,"lastStatement":5,"seen":{"s:1:0:1:Infinity":0,"s:9:6:11:Infinity":1,"s:13:14:23:Infinity":2,"f:13:20:13:Infinity":0,"s:18:2:23:Infinity":3,"s:24:0:24:Infinity":4},"fnNames":{}}}
,"E:\\go_ultra\\web\\src\\components\\ui\\popover.tsx": {"path":"E:\\go_ultra\\web\\src\\components\\ui\\popover.tsx","statementMap":{"0":{"start":{"line":6,"column":16},"end":{"line":6,"column":null}},"1":{"start":{"line":8,"column":23},"end":{"line":8,"column":null}},"2":{"start":{"line":10,"column":22},"end":{"line":10,"column":null}},"3":{"start":{"line":12,"column":23},"end":{"line":28,"column":null}},"4":{"start":{"line":16,"column":2},"end":{"line":28,"column":null}},"5":{"start":{"line":29,"column":0},"end":{"line":29,"column":null}}},"fnMap":{"0":{"name":"(anonymous_0)","decl":{"start":{"line":12,"column":29},"end":{"line":12,"column":null}},"loc":{"start":{"line":16,"column":2},"end":{"line":28,"column":null}},"line":16}},"branchMap":{"0":{"loc":{"start":{"line":15,"column":16},"end":{"line":15,"column":34}},"type":"default-arg","locations":[{"start":{"line":15,"column":24},"end":{"line":15,"column":34}}],"line":15},"1":{"loc":{"start":{"line":15,"column":34},"end":{"line":15,"column":50}},"type":"default-arg","locations":[{"start":{"line":15,"column":47},"end":{"line":15,"column":50}}],"line":15}},"s":{"0":1,"1":1,"2":1,"3":1,"4":5,"5":1},"f":{"0":5},"b":{"0":[5],"1":[5]},"meta":{"lastBranch":2,"lastFunction":1,"lastStatement":6,"seen":{"s:6:16:6:Infinity":0,"s:8:23:8:Infinity":1,"s:10:22:10:Infinity":2,"s:12:23:28:Infinity":3,"f:12:29:12:Infinity":0,"s:16:2:28:Infinity":4,"b:15:24:15:34":0,"b:15:47:15:50":1,"s:29:0:29:Infinity":5},"fnNames":{}}}
,"E:\\go_ultra\\web\\src\\components\\ui\\select.tsx": {"path":"E:\\go_ultra\\web\\src\\components\\ui\\select.tsx","statementMap":{"0":{"start":{"line":7,"column":15},"end":{"line":7,"column":null}},"1":{"start":{"line":9,"column":20},"end":{"line":9,"column":null}},"2":{"start":{"line":11,"column":20},"end":{"line":11,"column":null}},"3":{"start":{"line":13,"column":22},"end":{"line":30,"column":null}},"4":{"start":{"line":17,"column":2},"end":{"line":30,"column":null}},"5":{"start":{"line":31,"column":0},"end":{"line":31,"column":null}},"6":{"start":{"line":33,"column":29},"end":{"line":47,"column":null}},"7":{"start":{"line":37,"column":2},"end":{"line":47,"column":null}},"8":{"start":{"line":48,"column":0},"end":{"line":48,"column":null}},"9":{"start":{"line":50,"column":31},"end":{"line":64,"column":null}},"10":{"start":{"line":54,"column":2},"end":{"line":64,"column":null}},"11":{"start":{"line":65,"column":0},"end":{"line":66,"column":null}},"12":{"start":{"line":68,"column":22},"end":{"line":97,"column":null}},"13":{"start":{"line":72,"column":2},"end":{"line":97,"column":null}},"14":{"start":{"line":98,"column":0},"end":{"line":98,"column":null}},"15":{"start":{"line":100,"column":20},"end":{"line":109,"column":null}},"16":{"start":{"line":104,"column":2},"end":{"line":109,"column":null}},"17":{"start":{"line":110,"column":0},"end":{"line":110,"column":null}},"18":{"start":{"line":112,"column":19},"end":{"line":131,"column":null}},"19":{"start":{"line":116,"column":2},"end":{"line":131,"column":null}},"20":{"start":{"line":132,"column":0},"end":{"line":132,"column":null}},"21":{"start":{"line":134,"column":24},"end":{"line":143,"column":null}},"22":{"start":{"line":138,"column":2},"end":{"line":143,"column":null}},"23":{"start":{"line":144,"column":0},"end":{"line":144,"column":null}}},"fnMap":{"0":{"name":"(anonymous_0)","decl":{"start":{"line":13,"column":28},"end":{"line":13,"column":null}},"loc":{"start":{"line":17,"column":2},"end":{"line":30,"column":null}},"line":17},"1":{"name":"(anonymous_1)","decl":{"start":{"line":33,"column":35},"end":{"line":33,"column":null}},"loc":{"start":{"line":37,"column":2},"end":{"line":47,"column":null}},"line":37},"2":{"name":"(anonymous_2)","decl":{"start":{"line":50,"column":37},"end":{"line":50,"column":null}},"loc":{"start":{"line":54,"column":2},"end":{"line":64,"column":null}},"line":54},"3":{"name":"(anonymous_3)","decl":{"start":{"line":68,"column":28},"end":{"line":68,"column":null}},"loc":{"start":{"line":72,"column":2},"end":{"line":97,"column":null}},"line":72},"4":{"name":"(anonymous_4)","decl":{"start":{"line":100,"column":26},"end":{"line":100,"column":null}},"loc":{"start":{"line":104,"column":2},"end":{"line":109,"column":null}},"line":104},"5":{"name":"(anonymous_5)","decl":{"start":{"line":112,"column":25},"end":{"line":112,"column":null}},"loc":{"start":{"line":116,"column":2},"end":{"line":131,"column":null}},"line":116},"6":{"name":"(anonymous_6)","decl":{"start":{"line":134,"column":30},"end":{"line":134,"column":null}},"loc":{"start":{"line":138,"column":2},"end":{"line":143,"column":null}},"line":138}},"branchMap":{"0":{"loc":{"start":{"line":71,"column":26},"end":{"line":71,"column":47}},"type":"default-arg","locations":[{"start":{"line":71,"column":37},"end":{"line":71,"column":47}}],"line":71},"1":{"loc":{"start":{"line":77,"column":8},"end":{"line":78,"column":null}},"type":"binary-expr","locations":[{"start":{"line":77,"column":8},"end":{"line":77,"column":null}},{"start":{"line":78,"column":10},"end":{"line":78,"column":null}}],"line":77},"2":{"loc":{"start":{"line":88,"column":10},"end":{"line":89,"column":null}},"type":"binary-expr","locations":[{"start":{"line":88,"column":10},"end":{"line":88,"column":null}},{"start":{"line":89,"column":12},"end":{"line":89,"column":null}}],"line":88}},"s":{"0":1,"1":1,"2":1,"3":1,"4":4,"5":1,"6":1,"7":4,"8":1,"9":1,"10":4,"11":1,"12":1,"13":4,"14":1,"15":1,"16":0,"17":1,"18":1,"19":8,"20":1,"21":1,"22":0,"23":1},"f":{"0":4,"1":4,"2":4,"3":4,"4":0,"5":8,"6":0},"b":{"0":[4],"1":[4,4],"2":[4,4]},"meta":{"lastBranch":3,"lastFunction":7,"lastStatement":24,"seen":{"s:7:15:7:Infinity":0,"s:9:20:9:Infinity":1,"s:11:20:11:Infinity":2,"s:13:22:30:Infinity":3,"f:13:28:13:Infinity":0,"s:17:2:30:Infinity":4,"s:31:0:31:Infinity":5,"s:33:29:47:Infinity":6,"f:33:35:33:Infinity":1,"s:37:2:47:Infinity":7,"s:48:0:48:Infinity":8,"s:50:31:64:Infinity":9,"f:50:37:50:Infinity":2,"s:54:2:64:Infinity":10,"s:65:0:66:Infinity":11,"s:68:22:97:Infinity":12,"f:68:28:68:Infinity":3,"s:72:2:97:Infinity":13,"b:71:37:71:47":0,"b:77:8:77:Infinity:78:10:78:Infinity":1,"b:88:10:88:Infinity:89:12:89:Infinity":2,"s:98:0:98:Infinity":14,"s:100:20:109:Infinity":15,"f:100:26:100:Infinity":4,"s:104:2:109:Infinity":16,"s:110:0:110:Infinity":17,"s:112:19:131:Infinity":18,"f:112:25:112:Infinity":5,"s:116:2:131:Infinity":19,"s:132:0:132:Infinity":20,"s:134:24:143:Infinity":21,"f:134:30:134:Infinity":6,"s:138:2:143:Infinity":22,"s:144:0:144:Infinity":23},"fnNames":{}}}
,"E:\\go_ultra\\web\\src\\hooks\\useAuth.ts": {"path":"E:\\go_ultra\\web\\src\\hooks\\useAuth.ts","statementMap":{"0":{"start":{"line":7,"column":8},"end":{"line":12,"column":null}},"1":{"start":{"line":14,"column":2},"end":{"line":19,"column":null}}},"fnMap":{"0":{"name":"useAuth","decl":{"start":{"line":6,"column":16},"end":{"line":6,"column":26}},"loc":{"start":{"line":6,"column":26},"end":{"line":20,"column":null}},"line":6}},"branchMap":{"0":{"loc":{"start":{"line":15,"column":12},"end":{"line":15,"column":null}},"type":"binary-expr","locations":[{"start":{"line":15,"column":12},"end":{"line":15,"column":26}},{"start":{"line":15,"column":26},"end":{"line":15,"column":null}}],"line":15}},"s":{"0":4,"1":4},"f":{"0":4},"b":{"0":[4,3]},"meta":{"lastBranch":1,"lastFunction":1,"lastStatement":2,"seen":{"f:6:16:6:26":0,"s:7:8:12:Infinity":0,"s:14:2:19:Infinity":1,"b:15:12:15:26:15:26:15:Infinity":0},"fnNames":{}}}
,"E:\\go_ultra\\web\\src\\lib\\echarts-theme.ts": {"path":"E:\\go_ultra\\web\\src\\lib\\echarts-theme.ts","statementMap":{"0":{"start":{"line":1,"column":31},"end":{"line":7,"column":null}},"1":{"start":{"line":9,"column":31},"end":{"line":9,"column":null}},"2":{"start":{"line":10,"column":32},"end":{"line":10,"column":null}},"3":{"start":{"line":11,"column":32},"end":{"line":11,"column":null}},"4":{"start":{"line":14,"column":66},"end":{"line":24,"column":null}}},"fnMap":{},"branchMap":{},"s":{"0":2,"1":2,"2":2,"3":2,"4":2},"f":{},"b":{},"meta":{"lastBranch":0,"lastFunction":0,"lastStatement":5,"seen":{"s:1:31:7:Infinity":0,"s:9:31:9:Infinity":1,"s:10:32:10:Infinity":2,"s:11:32:11:Infinity":3,"s:14:66:24:Infinity":4},"fnNames":{}}}
,"E:\\go_ultra\\web\\src\\lib\\elo-preview.ts": {"path":"E:\\go_ultra\\web\\src\\lib\\elo-preview.ts","statementMap":{"0":{"start":{"line":1,"column":24},"end":{"line":1,"column":null}},"1":{"start":{"line":2,"column":30},"end":{"line":2,"column":null}},"2":{"start":{"line":6,"column":2},"end":{"line":6,"column":null}},"3":{"start":{"line":11,"column":2},"end":{"line":11,"column":null}},"4":{"start":{"line":16,"column":18},"end":{"line":16,"column":null}},"5":{"start":{"line":17,"column":2},"end":{"line":17,"column":null}},"6":{"start":{"line":41,"column":2},"end":{"line":51,"column":null}},"7":{"start":{"line":42,"column":18},"end":{"line":42,"column":null}},"8":{"start":{"line":43,"column":4},"end":{"line":50,"column":null}},"9":{"start":{"line":53,"column":16},"end":{"line":53,"column":null}},"10":{"start":{"line":54,"column":2},"end":{"line":61,"column":null}}},"fnMap":{"0":{"name":"expectedScore","decl":{"start":{"line":5,"column":16},"end":{"line":5,"column":30}},"loc":{"start":{"line":5,"column":72},"end":{"line":7,"column":null}},"line":5},"1":{"name":"roundHalfAway","decl":{"start":{"line":10,"column":9},"end":{"line":10,"column":23}},"loc":{"start":{"line":10,"column":42},"end":{"line":12,"column":null}},"line":10},"2":{"name":"computeDelta","decl":{"start":{"line":15,"column":16},"end":{"line":15,"column":29}},"loc":{"start":{"line":15,"column":80},"end":{"line":18,"column":null}},"line":15},"3":{"name":"previewMatch","decl":{"start":{"line":36,"column":16},"end":{"line":36,"column":null}},"loc":{"start":{"line":40,"column":16},"end":{"line":62,"column":null}},"line":40}},"branchMap":{"0":{"loc":{"start":{"line":41,"column":2},"end":{"line":51,"column":null}},"type":"if","locations":[{"start":{"line":41,"column":2},"end":{"line":51,"column":null}},{"start":{},"end":{}}],"line":41}},"s":{"0":2,"1":2,"2":11,"3":9,"4":9,"5":9,"6":5,"7":4,"8":4,"9":1,"10":1},"f":{"0":11,"1":9,"2":9,"3":5},"b":{"0":[4,1]},"meta":{"lastBranch":1,"lastFunction":4,"lastStatement":11,"seen":{"s:1:24:1:Infinity":0,"s:2:30:2:Infinity":1,"f:5:16:5:30":0,"s:6:2:6:Infinity":2,"f:10:9:10:23":1,"s:11:2:11:Infinity":3,"f:15:16:15:29":2,"s:16:18:16:Infinity":4,"s:17:2:17:Infinity":5,"f:36:16:36:Infinity":3,"b:41:2:51:Infinity:undefined:undefined:undefined:undefined":0,"s:41:2:51:Infinity":6,"s:42:18:42:Infinity":7,"s:43:4:50:Infinity":8,"s:53:16:53:Infinity":9,"s:54:2:61:Infinity":10},"fnNames":{}}}
,"E:\\go_ultra\\web\\src\\lib\\rank.ts": {"path":"E:\\go_ultra\\web\\src\\lib\\rank.ts","statementMap":{"0":{"start":{"line":1,"column":26},"end":{"line":1,"column":null}},"1":{"start":{"line":8,"column":2},"end":{"line":10,"column":null}},"2":{"start":{"line":9,"column":4},"end":{"line":9,"column":null}},"3":{"start":{"line":11,"column":15},"end":{"line":11,"column":null}},"4":{"start":{"line":12,"column":2},"end":{"line":14,"column":null}},"5":{"start":{"line":13,"column":4},"end":{"line":13,"column":null}},"6":{"start":{"line":15,"column":2},"end":{"line":15,"column":null}},"7":{"start":{"line":19,"column":2},"end":{"line":19,"column":null}},"8":{"start":{"line":24,"column":2},"end":{"line":24,"column":null}},"9":{"start":{"line":24,"column":17},"end":{"line":24,"column":null}},"10":{"start":{"line":25,"column":2},"end":{"line":25,"column":null}},"11":{"start":{"line":25,"column":16},"end":{"line":25,"column":null}},"12":{"start":{"line":26,"column":2},"end":{"line":26,"column":null}},"13":{"start":{"line":26,"column":16},"end":{"line":26,"column":null}},"14":{"start":{"line":27,"column":2},"end":{"line":27,"column":null}},"15":{"start":{"line":27,"column":16},"end":{"line":27,"column":null}},"16":{"start":{"line":28,"column":2},"end":{"line":28,"column":null}}},"fnMap":{"0":{"name":"danOf","decl":{"start":{"line":7,"column":16},"end":{"line":7,"column":22}},"loc":{"start":{"line":7,"column":46},"end":{"line":16,"column":null}},"line":7},"1":{"name":"danLabel","decl":{"start":{"line":18,"column":16},"end":{"line":18,"column":25}},"loc":{"start":{"line":18,"column":46},"end":{"line":20,"column":null}},"line":18},"2":{"name":"danColor","decl":{"start":{"line":23,"column":16},"end":{"line":23,"column":25}},"loc":{"start":{"line":23,"column":46},"end":{"line":29,"column":null}},"line":23}},"branchMap":{"0":{"loc":{"start":{"line":8,"column":2},"end":{"line":10,"column":null}},"type":"if","locations":[{"start":{"line":8,"column":2},"end":{"line":10,"column":null}},{"start":{},"end":{}}],"line":8},"1":{"loc":{"start":{"line":12,"column":2},"end":{"line":14,"column":null}},"type":"if","locations":[{"start":{"line":12,"column":2},"end":{"line":14,"column":null}},{"start":{},"end":{}}],"line":12},"2":{"loc":{"start":{"line":19,"column":9},"end":{"line":19,"column":null}},"type":"cond-expr","locations":[{"start":{"line":19,"column":21},"end":{"line":19,"column":29}},{"start":{"line":19,"column":29},"end":{"line":19,"column":null}}],"line":19},"3":{"loc":{"start":{"line":24,"column":2},"end":{"line":24,"column":null}},"type":"if","locations":[{"start":{"line":24,"column":2},"end":{"line":24,"column":null}},{"start":{},"end":{}}],"line":24},"4":{"loc":{"start":{"line":25,"column":2},"end":{"line":25,"column":null}},"type":"if","locations":[{"start":{"line":25,"column":2},"end":{"line":25,"column":null}},{"start":{},"end":{}}],"line":25},"5":{"loc":{"start":{"line":26,"column":2},"end":{"line":26,"column":null}},"type":"if","locations":[{"start":{"line":26,"column":2},"end":{"line":26,"column":null}},{"start":{},"end":{}}],"line":26},"6":{"loc":{"start":{"line":27,"column":2},"end":{"line":27,"column":null}},"type":"if","locations":[{"start":{"line":27,"column":2},"end":{"line":27,"column":null}},{"start":{},"end":{}}],"line":27}},"s":{"0":2,"1":17,"2":2,"3":15,"4":15,"5":1,"6":14,"7":7,"8":13,"9":2,"10":11,"11":4,"12":7,"13":7,"14":4,"15":4,"16":2},"f":{"0":17,"1":7,"2":13},"b":{"0":[2,15],"1":[1,14],"2":[2,5],"3":[2,11],"4":[4,7],"5":[3,4],"6":[2,2]},"meta":{"lastBranch":7,"lastFunction":3,"lastStatement":17,"seen":{"s:1:26:1:Infinity":0,"f:7:16:7:22":0,"b:8:2:10:Infinity:undefined:undefined:undefined:undefined":0,"s:8:2:10:Infinity":1,"s:9:4:9:Infinity":2,"s:11:15:11:Infinity":3,"b:12:2:14:Infinity:undefined:undefined:undefined:undefined":1,"s:12:2:14:Infinity":4,"s:13:4:13:Infinity":5,"s:15:2:15:Infinity":6,"f:18:16:18:25":1,"s:19:2:19:Infinity":7,"b:19:21:19:29:19:29:19:Infinity":2,"f:23:16:23:25":2,"b:24:2:24:Infinity:undefined:undefined:undefined:undefined":3,"s:24:2:24:Infinity":8,"s:24:17:24:Infinity":9,"b:25:2:25:Infinity:undefined:undefined:undefined:undefined":4,"s:25:2:25:Infinity":10,"s:25:16:25:Infinity":11,"b:26:2:26:Infinity:undefined:undefined:undefined:undefined":5,"s:26:2:26:Infinity":12,"s:26:16:26:Infinity":13,"b:27:2:27:Infinity:undefined:undefined:undefined:undefined":6,"s:27:2:27:Infinity":14,"s:27:16:27:Infinity":15,"s:28:2:28:Infinity":16},"fnNames":{}}}
,"E:\\go_ultra\\web\\src\\lib\\utils.ts": {"path":"E:\\go_ultra\\web\\src\\lib\\utils.ts","statementMap":{"0":{"start":{"line":5,"column":2},"end":{"line":5,"column":null}}},"fnMap":{"0":{"name":"cn","decl":{"start":{"line":4,"column":16},"end":{"line":4,"column":19}},"loc":{"start":{"line":4,"column":44},"end":{"line":6,"column":null}},"line":4}},"branchMap":{},"s":{"0":102},"f":{"0":102},"b":{},"meta":{"lastBranch":0,"lastFunction":1,"lastStatement":1,"seen":{"f:4:16:4:19":0,"s:5:2:5:Infinity":0},"fnNames":{}}}
}
